This is pdfTeX, Version 3.141592653-2.6-1.40.24 (MiKTeX 22.11.25) (preloaded format=pdflatex 2022.12.8)  3 APR 2023 22:42
entering extended mode
 restricted \write18 enabled.
 file:line:error style messages enabled.
 %&-line parsing enabled.
**c:/Users/leofl/OneDrive/Bureau/projet-taquin/rapport/rapport.tex
(c:/Users/leofl/OneDrive/Bureau/projet-taquin/rapport/rapport.tex
LaTeX2e <2022-11-01> patch level 1
L3 programming layer <2022-11-02> (C:\Users\leofl\AppData\Local\Programs\MiKTeX\tex/latex/base\article.cls
Document Class: article 2022/07/02 v1.4n Standard LaTeX document class
(C:\Users\leofl\AppData\Local\Programs\MiKTeX\tex/latex/base\size12.clo
File: size12.clo 2022/07/02 v1.4n Standard LaTeX file (size option)
)
\c@part=\count185
\c@section=\count186
\c@subsection=\count187
\c@subsubsection=\count188
\c@paragraph=\count189
\c@subparagraph=\count190
\c@figure=\count191
\c@table=\count192
\abovecaptionskip=\skip48
\belowcaptionskip=\skip49
\bibindent=\dimen140
) (C:\Users\leofl\AppData\Local\Programs\MiKTeX\tex/latex/geometry\geometry.sty
Package: geometry 2020/01/02 v5.9 Page Geometry
 (C:\Users\leofl\AppData\Local\Programs\MiKTeX\tex/latex/graphics\keyval.sty
Package: keyval 2022/05/29 v1.15 key=value parser (DPC)
\KV@toks@=\toks16
) (C:\Users\leofl\AppData\Local\Programs\MiKTeX\tex/generic/iftex\ifvtex.sty
Package: ifvtex 2019/10/25 v1.7 ifvtex legacy package. Use iftex instead.
 (C:\Users\leofl\AppData\Local\Programs\MiKTeX\tex/generic/iftex\iftex.sty
Package: iftex 2022/02/03 v1.0f TeX engine tests
))
\Gm@cnth=\count193
\Gm@cntv=\count194
\c@Gm@tempcnt=\count195
\Gm@bindingoffset=\dimen141
\Gm@wd@mp=\dimen142
\Gm@odd@mp=\dimen143
\Gm@even@mp=\dimen144
\Gm@layoutwidth=\dimen145
\Gm@layoutheight=\dimen146
\Gm@layouthoffset=\dimen147
\Gm@layoutvoffset=\dimen148
\Gm@dimlist=\toks17
 (C:\Users\leofl\AppData\Local\Programs\MiKTeX\tex/latex/geometry\geometry.cfg)) (C:\Users\leofl\AppData\Local\Programs\MiKTeX\tex/generic/babel\babel.sty
Package: babel 2022/11/30 3.83 The Babel package
\babel@savecnt=\count196
\U@D=\dimen149
\l@unhyphenated=\language79
 (C:\Users\leofl\AppData\Local\Programs\MiKTeX\tex/generic/babel\txtbabel.def)
\bbl@readstream=\read2
\bbl@dirlevel=\count197

*************************************
* Local config file bblopts.cfg used
*
(C:\Users\leofl\AppData\Local\Programs\MiKTeX\tex/latex/arabi\bblopts.cfg
File: bblopts.cfg 2005/09/08 v0.1 add Arabic and Farsi to "declared" options of babel
) (C:\Users\leofl\AppData\Local\Programs\MiKTeX\tex/generic/babel-french\french.ldf
Language: french 2022/11/11 v3.5o French support from the babel system
Package babel Info: Hyphen rules for 'acadian' set to \l@french
(babel)             (\language22). Reported on input line 91.
Package babel Info: Hyphen rules for 'canadien' set to \l@french
(babel)             (\language22). Reported on input line 92.
\FB@nonchar=\count198
Package babel Info: Making : an active character on input line 395.
Package babel Info: Making ; an active character on input line 396.
Package babel Info: Making ! an active character on input line 397.
Package babel Info: Making ? an active character on input line 398.
\FBguill@level=\count199
\FBold@everypar=\toks18
\FB@Mht=\dimen150
\mc@charclass=\count266
\mc@charfam=\count267
\mc@charslot=\count268
\std@mcc=\count269
\dec@mcc=\count270
\listindentFB=\dimen151
\descindentFB=\dimen152
\labelindentFB=\dimen153
\labelwidthFB=\dimen154
\leftmarginFB=\dimen155
\parindentFFN=\dimen156
\FBfnindent=\dimen157
)) (C:\Users\leofl\AppData\Local\Programs\MiKTeX\tex/generic/babel/locale/fr\babel-french.tex
Package babel Info: Importing font and identification data for french
(babel)             from babel-fr.ini. Reported on input line 11.
) (C:\Users\leofl\AppData\Local\Programs\MiKTeX\tex/latex/carlisle\scalefnt.sty) (C:\Users\leofl\AppData\Local\Programs\MiKTeX\tex/latex/base\inputenc.sty
Package: inputenc 2021/02/14 v1.3d Input encoding file
\inpenc@prehook=\toks19
\inpenc@posthook=\toks20
) (C:\Users\leofl\AppData\Local\Programs\MiKTeX\tex/latex/graphics\graphicx.sty
Package: graphicx 2021/09/16 v1.2d Enhanced LaTeX Graphics (DPC,SPQR)
 (C:\Users\leofl\AppData\Local\Programs\MiKTeX\tex/latex/graphics\graphics.sty
Package: graphics 2022/03/10 v1.4e Standard LaTeX Graphics (DPC,SPQR)
 (C:\Users\leofl\AppData\Local\Programs\MiKTeX\tex/latex/graphics\trig.sty
Package: trig 2021/08/11 v1.11 sin cos tan (DPC)
) (C:\Users\leofl\AppData\Local\Programs\MiKTeX\tex/latex/graphics-cfg\graphics.cfg
File: graphics.cfg 2016/06/04 v1.11 sample graphics configuration
)
Package graphics Info: Driver file: pdftex.def on input line 107.
 (C:\Users\leofl\AppData\Local\Programs\MiKTeX\tex/latex/graphics-def\pdftex.def
File: pdftex.def 2022/09/22 v1.2b Graphics/color driver for pdftex
))
\Gin@req@height=\dimen158
\Gin@req@width=\dimen159
) (C:\Users\leofl\AppData\Local\Programs\MiKTeX\tex/latex/base\fontenc.sty
Package: fontenc 2021/04/29 v2.0v Standard LaTeX package
) (C:\Users\leofl\AppData\Local\Programs\MiKTeX\tex/latex/listings\listings.sty
\lst@mode=\count271
\lst@gtempboxa=\box51
\lst@token=\toks21
\lst@length=\count272
\lst@currlwidth=\dimen160
\lst@column=\count273
\lst@pos=\count274
\lst@lostspace=\dimen161
\lst@width=\dimen162
\lst@newlines=\count275
\lst@lineno=\count276
\lst@maxwidth=\dimen163
 (C:\Users\leofl\AppData\Local\Programs\MiKTeX\tex/latex/listings\lstmisc.sty
File: lstmisc.sty 2020/03/24 1.8d (Carsten Heinz)
\c@lstnumber=\count277
\lst@skipnumbers=\count278
\lst@framebox=\box52
) (C:\Users\leofl\AppData\Local\Programs\MiKTeX\tex/latex/listings\listings.cfg
File: listings.cfg 2020/03/24 1.8d listings configuration
))
Package: listings 2020/03/24 1.8d (Carsten Heinz)
 (C:\Users\leofl\AppData\Local\Programs\MiKTeX\tex/latex/float\float.sty
Package: float 2001/11/08 v1.3d Float enhancements (AL)
\c@float@type=\count279
\float@exts=\toks22
\float@box=\box53
\@float@everytoks=\toks23
\@floatcapt=\box54
) (C:\Users\leofl\AppData\Local\Programs\MiKTeX\tex/latex/l3backend\l3backend-pdftex.def
File: l3backend-pdftex.def 2022-10-26 L3 backend support: PDF output (pdfTeX)
\l__color_backend_stack_int=\count280
\l__pdf_internal_box=\box55
) (rapport.aux)
\openout1 = `rapport.aux'.

LaTeX Font Info:    Checking defaults for OML/cmm/m/it on input line 25.
LaTeX Font Info:    ... okay on input line 25.
LaTeX Font Info:    Checking defaults for OMS/cmsy/m/n on input line 25.
LaTeX Font Info:    ... okay on input line 25.
LaTeX Font Info:    Checking defaults for OT1/cmr/m/n on input line 25.
LaTeX Font Info:    ... okay on input line 25.
LaTeX Font Info:    Checking defaults for T1/cmr/m/n on input line 25.
LaTeX Font Info:    ... okay on input line 25.
LaTeX Font Info:    Checking defaults for TS1/cmr/m/n on input line 25.
LaTeX Font Info:    ... okay on input line 25.
LaTeX Font Info:    Checking defaults for OMX/cmex/m/n on input line 25.
LaTeX Font Info:    ... okay on input line 25.
LaTeX Font Info:    Checking defaults for U/cmr/m/n on input line 25.
LaTeX Font Info:    ... okay on input line 25.

*geometry* driver: auto-detecting
*geometry* detected driver: pdftex
*geometry* verbose mode - [ preamble ] result:
* driver: pdftex
* paper: a4paper
* layout: <same size as paper>
* layoutoffset:(h,v)=(0.0pt,0.0pt)
* modes: 
* h-part:(L,W,R)=(89.62709pt, 418.25368pt, 89.6271pt)
* v-part:(T,H,B)=(101.40665pt, 591.5302pt, 152.11pt)
* \paperwidth=597.50787pt
* \paperheight=845.04684pt
* \textwidth=418.25368pt
* \textheight=591.5302pt
* \oddsidemargin=17.3571pt
* \evensidemargin=17.3571pt
* \topmargin=-7.86334pt
* \headheight=12.0pt
* \headsep=25.0pt
* \topskip=12.0pt
* \footskip=30.0pt
* \marginparwidth=35.0pt
* \marginparsep=10.0pt
* \columnsep=10.0pt
* \skip\footins=10.8pt plus 4.0pt minus 2.0pt
* \hoffset=0.0pt
* \voffset=0.0pt
* \mag=1000
* \@twocolumnfalse
* \@twosidefalse
* \@mparswitchfalse
* \@reversemarginfalse
* (1in=72.27pt=25.4mm, 1cm=28.453pt)

LaTeX Info: Redefining \degres on input line 25.
LaTeX Info: Redefining \up on input line 25.
(C:\Users\leofl\AppData\Local\Programs\MiKTeX\tex/context/base/mkii\supp-pdf.mkii
[Loading MPS to PDF converter (version 2006.09.02).]
\scratchcounter=\count281
\scratchdimen=\dimen164
\scratchbox=\box56
\nofMPsegments=\count282
\nofMParguments=\count283
\everyMPshowfont=\toks24
\MPscratchCnt=\count284
\MPscratchDim=\dimen165
\MPnumerator=\count285
\makeMPintoPDFobject=\count286
\everyMPtoPDFconversion=\toks25
) (C:\Users\leofl\AppData\Local\Programs\MiKTeX\tex/latex/epstopdf-pkg\epstopdf-base.sty
Package: epstopdf-base 2020-01-24 v2.11 Base part for package epstopdf
Package epstopdf-base Info: Redefining graphics rule for `.eps' on input line 485.
 (C:\Users\leofl\AppData\Local\Programs\MiKTeX\tex/latex/00miktex\epstopdf-sys.cfg
File: epstopdf-sys.cfg 2021/03/18 v2.0 Configuration of epstopdf for MiKTeX
))
\c@lstlisting=\count287
LaTeX Font Info:    External font `cmex10' loaded for size
(Font)              <14.4> on input line 26.
LaTeX Font Info:    External font `cmex10' loaded for size
(Font)              <7> on input line 26.
LaTeX Font Info:    External font `cmex10' loaded for size
(Font)              <12> on input line 31.
LaTeX Font Info:    External font `cmex10' loaded for size
(Font)              <8> on input line 31.
LaTeX Font Info:    External font `cmex10' loaded for size
(Font)              <6> on input line 31.
 [1

{C:/Users/leofl/AppData/Local/MiKTeX/fonts/map/pdftex/pdftex.map}]
LaTeX Font Info:    Trying to load font information for T1+cmtt on input line 74.
 (C:\Users\leofl\AppData\Local\Programs\MiKTeX\tex/latex/base\t1cmtt.fd
File: t1cmtt.fd 2022/07/10 v2.5l Standard LaTeX font definitions
) [2] [3]
<./images//graphe 3d Taquin 3x3.png, id=24, 1156.32pt x 650.43pt>
File: ./images//graphe 3d Taquin 3x3.png Graphic file (type png)
<use ./images//graphe 3d Taquin 3x3.png>
Package pdftex.def Info: ./images//graphe 3d Taquin 3x3.png  used on input line 119.
(pdftex.def)             Requested size: 418.25368pt x 235.26619pt.
<./images//graphe 3d Taquin 3x3(1).png, id=26, 1156.32pt x 650.43pt>
File: ./images//graphe 3d Taquin 3x3(1).png Graphic file (type png)
<use ./images//graphe 3d Taquin 3x3(1).png>
Package pdftex.def Info: ./images//graphe 3d Taquin 3x3(1).png  used on input line 124.
(pdftex.def)             Requested size: 418.25368pt x 235.26619pt.
 [4]
<./images//graphe 3d Taquin 3x3(2).png, id=30, 1156.32pt x 650.43pt>
File: ./images//graphe 3d Taquin 3x3(2).png Graphic file (type png)
<use ./images//graphe 3d Taquin 3x3(2).png>
Package pdftex.def Info: ./images//graphe 3d Taquin 3x3(2).png  used on input line 129.
(pdftex.def)             Requested size: 418.25368pt x 235.26619pt.
<./images//graphe 3d Taquin 3x3(3).png, id=31, 1156.32pt x 650.43pt>
File: ./images//graphe 3d Taquin 3x3(3).png Graphic file (type png)
<use ./images//graphe 3d Taquin 3x3(3).png>
Package pdftex.def Info: ./images//graphe 3d Taquin 3x3(3).png  used on input line 134.
(pdftex.def)             Requested size: 418.25368pt x 235.26619pt.
 [5 <./images//graphe 3d Taquin 3x3.png> <./images//graphe 3d Taquin 3x3(1).png>]
<./images//Taquin 3x3 nombre d'etat explorer en fct du nb de coups sans coef.png, id=38, 1850.112pt x 993.7125pt>
File: ./images//Taquin 3x3 nombre d'etat explorer en fct du nb de coups sans coef.png Graphic file (type png)
<use ./images//Taquin 3x3 nombre d'etat explorer en fct du nb de coups sans coef.png>
Package pdftex.def Info: ./images//Taquin 3x3 nombre d'etat explorer en fct du nb de coups sans coef.png  used on input line 140.
(pdftex.def)             Requested size: 418.25368pt x 224.63705pt.
 [6 <./images//graphe 3d Taquin 3x3(2).png> <./images//graphe 3d Taquin 3x3(3).png>]
<./images//Taquin 3x3 nombre d'etats generer en fct du nb d etat explorer sans coef.png, id=44, 1850.112pt x 993.7125pt>
File: ./images//Taquin 3x3 nombre d'etats generer en fct du nb d etat explorer sans coef.png Graphic file (type png)
<use ./images//Taquin 3x3 nombre d'etats generer en fct du nb d etat explorer sans coef.png>
Package pdftex.def Info: ./images//Taquin 3x3 nombre d'etats generer en fct du nb d etat explorer sans coef.png  used on input line 145.
(pdftex.def)             Requested size: 418.25368pt x 224.63705pt.
<./images//Taquin 3x3 regression lineaire du nombre d'état dans la frontière max en fonction du nombre de coups sans coef de normalisation.png, id=45, 1850.112pt x 993.7125pt>
File: ./images//Taquin 3x3 regression lineaire du nombre d'état dans la frontière max en fonction du nombre de coups sans coef de normalisation.png Graphic file (type png)
<use ./images//Taquin 3x3 regression lineaire du nombre d'état dans la frontière max en fonction du nombre de coups sans coef de normalisation.png>
Package pdftex.def Info: ./images//Taquin 3x3 regression lineaire du nombre d'état dans la frontière max en fonction du nombre de coups sans coef de normalisation.png  used on input line 150.
(pdftex.def)             Requested size: 418.25368pt x 224.63705pt.
 [7 <./images//Taquin 3x3 nombre d'etat explorer en fct du nb de coups sans coef.png> <./images//Taquin 3x3 nombre d'etats generer en fct du nb d etat explorer sans coef.png>]
<./images//Taquin 3x3 regression lineaire du nombre d'état explorer en fonction du nombre de coups sans coef de normalisation.png, id=52, 1850.112pt x 993.7125pt>
File: ./images//Taquin 3x3 regression lineaire du nombre d'état explorer en fonction du nombre de coups sans coef de normalisation.png Graphic file (type png)
<use ./images//Taquin 3x3 regression lineaire du nombre d'état explorer en fonction du nombre de coups sans coef de normalisation.png>
Package pdftex.def Info: ./images//Taquin 3x3 regression lineaire du nombre d'état explorer en fonction du nombre de coups sans coef de normalisation.png  used on input line 155.
(pdftex.def)             Requested size: 418.25368pt x 224.63705pt.
<./images//Taquin 3x3 regression lineaire du nombre d'état generer en fonction du nombre de coups sans coef de normalisation.png, id=53, 1850.112pt x 993.7125pt>
File: ./images//Taquin 3x3 regression lineaire du nombre d'état generer en fonction du nombre de coups sans coef de normalisation.png Graphic file (type png)
<use ./images//Taquin 3x3 regression lineaire du nombre d'état generer en fonction du nombre de coups sans coef de normalisation.png>
Package pdftex.def Info: ./images//Taquin 3x3 regression lineaire du nombre d'état generer en fonction du nombre de coups sans coef de normalisation.png  used on input line 160.
(pdftex.def)             Requested size: 418.25368pt x 224.63705pt.
 [8 <./images//Taquin 3x3 regression lineaire du nombre d'état dans la frontière max en fonction du nombre de coups sans coef de normalisation.png> <./images//Taquin 3x3 regression lineaire du nombre d'état explorer en fonction du nombre de coups sans coef de normalisation.png>]
<./images//Taquin 3x3 utilisation CPU en fct du nb d'etat explorer sans coef de normalisation.png, id=59, 1850.112pt x 993.7125pt>
File: ./images//Taquin 3x3 utilisation CPU en fct du nb d'etat explorer sans coef de normalisation.png Graphic file (type png)
<use ./images//Taquin 3x3 utilisation CPU en fct du nb d'etat explorer sans coef de normalisation.png>
Package pdftex.def Info: ./images//Taquin 3x3 utilisation CPU en fct du nb d'etat explorer sans coef de normalisation.png  used on input line 165.
(pdftex.def)             Requested size: 418.25368pt x 224.63705pt.
<./images//Taquin 3x3 nombre d'état explorer en fct du nb detat ds la frontiere sans coef.png, id=60, 1850.112pt x 993.7125pt>
File: ./images//Taquin 3x3 nombre d'état explorer en fct du nb detat ds la frontiere sans coef.png Graphic file (type png)
<use ./images//Taquin 3x3 nombre d'état explorer en fct du nb detat ds la frontiere sans coef.png>
Package pdftex.def Info: ./images//Taquin 3x3 nombre d'état explorer en fct du nb detat ds la frontiere sans coef.png  used on input line 170.
(pdftex.def)             Requested size: 418.25368pt x 224.63705pt.
 [9 <./images//Taquin 3x3 regression lineaire du nombre d'état generer en fonction du nombre de coups sans coef de normalisation.png> <./images//Taquin 3x3 utilisation CPU en fct du nb d'etat explorer sans coef de normalisation.png>]
<./images//Taquin 3x3 nombre d'etat explorer en fct du nb de coups.png, id=66, 1850.112pt x 993.7125pt>
File: ./images//Taquin 3x3 nombre d'etat explorer en fct du nb de coups.png Graphic file (type png)
<use ./images//Taquin 3x3 nombre d'etat explorer en fct du nb de coups.png>
Package pdftex.def Info: ./images//Taquin 3x3 nombre d'etat explorer en fct du nb de coups.png  used on input line 175.
(pdftex.def)             Requested size: 418.25368pt x 224.63705pt.
<./images//Taquin 3x3 nombre d'etat explorer en fct du nb de detat dans la frontiere.png, id=67, 1850.112pt x 993.7125pt>
File: ./images//Taquin 3x3 nombre d'etat explorer en fct du nb de detat dans la frontiere.png Graphic file (type png)
<use ./images//Taquin 3x3 nombre d'etat explorer en fct du nb de detat dans la frontiere.png>
Package pdftex.def Info: ./images//Taquin 3x3 nombre d'etat explorer en fct du nb de detat dans la frontiere.png  used on input line 180.
(pdftex.def)             Requested size: 418.25368pt x 224.63705pt.
 [10 <./images//Taquin 3x3 nombre d'état explorer en fct du nb detat ds la frontiere sans coef.png> <./images//Taquin 3x3 nombre d'etat explorer en fct du nb de coups.png>]
<./images//Taquin 3x3 nombre d'etats generer en fct du nb de coups.png, id=73, 1850.112pt x 993.7125pt>
File: ./images//Taquin 3x3 nombre d'etats generer en fct du nb de coups.png Graphic file (type png)
<use ./images//Taquin 3x3 nombre d'etats generer en fct du nb de coups.png>
Package pdftex.def Info: ./images//Taquin 3x3 nombre d'etats generer en fct du nb de coups.png  used on input line 185.
(pdftex.def)             Requested size: 418.25368pt x 224.63705pt.
<./images//Taquin 3x3 nombre d'etats generer en fct du nb max detat dans la frontiere.png, id=74, 1850.112pt x 993.7125pt>
File: ./images//Taquin 3x3 nombre d'etats generer en fct du nb max detat dans la frontiere.png Graphic file (type png)
<use ./images//Taquin 3x3 nombre d'etats generer en fct du nb max detat dans la frontiere.png>
Package pdftex.def Info: ./images//Taquin 3x3 nombre d'etats generer en fct du nb max detat dans la frontiere.png  used on input line 190.
(pdftex.def)             Requested size: 418.25368pt x 224.63705pt.
 [11 <./images//Taquin 3x3 nombre d'etat explorer en fct du nb de detat dans la frontiere.png> <./images//Taquin 3x3 nombre d'etats generer en fct du nb de coups.png>]
<./images//Taquin 3x3 utilisation CPU en fct du nb d'etat generer.png, id=80, 1850.112pt x 993.7125pt>
File: ./images//Taquin 3x3 utilisation CPU en fct du nb d'etat generer.png Graphic file (type png)
<use ./images//Taquin 3x3 utilisation CPU en fct du nb d'etat generer.png>
Package pdftex.def Info: ./images//Taquin 3x3 utilisation CPU en fct du nb d'etat generer.png  used on input line 195.
(pdftex.def)             Requested size: 418.25368pt x 224.63705pt.
<./images//Taquin 3x3 utilisation RAM en fct du nb d'etat generer.png, id=81, 1850.112pt x 993.7125pt>
File: ./images//Taquin 3x3 utilisation RAM en fct du nb d'etat generer.png Graphic file (type png)
<use ./images//Taquin 3x3 utilisation RAM en fct du nb d'etat generer.png>
Package pdftex.def Info: ./images//Taquin 3x3 utilisation RAM en fct du nb d'etat generer.png  used on input line 200.
(pdftex.def)             Requested size: 418.25368pt x 224.63705pt.
 [12 <./images//Taquin 3x3 nombre d'etats generer en fct du nb max detat dans la frontiere.png> <./images//Taquin 3x3 utilisation CPU en fct du nb d'etat generer.png>]
<./images//Taquin 3xnb etat dans la frontiere en fct du nb de coups.png, id=87, 1850.112pt x 993.7125pt>
File: ./images//Taquin 3xnb etat dans la frontiere en fct du nb de coups.png Graphic file (type png)
<use ./images//Taquin 3xnb etat dans la frontiere en fct du nb de coups.png>
Package pdftex.def Info: ./images//Taquin 3xnb etat dans la frontiere en fct du nb de coups.png  used on input line 205.
(pdftex.def)             Requested size: 418.25368pt x 224.63705pt.
 [13 <./images//Taquin 3x3 utilisation RAM en fct du nb d'etat generer.png> <./images//Taquin 3xnb etat dans la frontiere en fct du nb de coups.png>] [14]
<./images//Taquin 3x3 nombre d'état dans la frontiereen fct du nb du nb de coups linear conflict.png, id=97, 1850.112pt x 993.7125pt>
File: ./images//Taquin 3x3 nombre d'état dans la frontiereen fct du nb du nb de coups linear conflict.png Graphic file (type png)
<use ./images//Taquin 3x3 nombre d'état dans la frontiereen fct du nb du nb de coups linear conflict.png>
Package pdftex.def Info: ./images//Taquin 3x3 nombre d'état dans la frontiereen fct du nb du nb de coups linear conflict.png  used on input line 262.
(pdftex.def)             Requested size: 418.25368pt x 224.63705pt.
<./images//Taquin 3x3 nombre d'état explorer en fct du nb de coups linear conflict.png, id=98, 1850.112pt x 993.7125pt>
File: ./images//Taquin 3x3 nombre d'état explorer en fct du nb de coups linear conflict.png Graphic file (type png)
<use ./images//Taquin 3x3 nombre d'état explorer en fct du nb de coups linear conflict.png>
Package pdftex.def Info: ./images//Taquin 3x3 nombre d'état explorer en fct du nb de coups linear conflict.png  used on input line 266.
(pdftex.def)             Requested size: 418.25368pt x 224.63705pt.
 [15]
<./images//Taquin 3x3 nombre d'etat explorer en fct du nb de coups reg lineaire Linear conflict.png, id=102, 1850.112pt x 993.7125pt>
File: ./images//Taquin 3x3 nombre d'etat explorer en fct du nb de coups reg lineaire Linear conflict.png Graphic file (type png)
<use ./images//Taquin 3x3 nombre d'etat explorer en fct du nb de coups reg lineaire Linear conflict.png>
Package pdftex.def Info: ./images//Taquin 3x3 nombre d'etat explorer en fct du nb de coups reg lineaire Linear conflict.png  used on input line 270.
(pdftex.def)             Requested size: 418.25368pt x 224.63705pt.
<./images//Taquin 3x3 nombre d'etat explorer en fct du nb de detat generer linear conflict.png, id=103, 1850.112pt x 993.7125pt>
File: ./images//Taquin 3x3 nombre d'etat explorer en fct du nb de detat generer linear conflict.png Graphic file (type png)
<use ./images//Taquin 3x3 nombre d'etat explorer en fct du nb de detat generer linear conflict.png>
Package pdftex.def Info: ./images//Taquin 3x3 nombre d'etat explorer en fct du nb de detat generer linear conflict.png  used on input line 274.
(pdftex.def)             Requested size: 418.25368pt x 224.63705pt.
 [16 <./images//Taquin 3x3 nombre d'état dans la frontiereen fct du nb du nb de coups linear conflict.png> <./images//Taquin 3x3 nombre d'état explorer en fct du nb de coups linear conflict.png>]
<./images//Taquin 3x3 nombre d'etats generer en fct du nb de coups linear conflict.png, id=109, 1850.112pt x 993.7125pt>
File: ./images//Taquin 3x3 nombre d'etats generer en fct du nb de coups linear conflict.png Graphic file (type png)
<use ./images//Taquin 3x3 nombre d'etats generer en fct du nb de coups linear conflict.png>
Package pdftex.def Info: ./images//Taquin 3x3 nombre d'etats generer en fct du nb de coups linear conflict.png  used on input line 278.
(pdftex.def)             Requested size: 418.25368pt x 224.63705pt.
<./images//Taquin 3x3 utilisation CPU en fct du nb d'etat generer linear conflict.png, id=110, 1850.112pt x 993.7125pt>
File: ./images//Taquin 3x3 utilisation CPU en fct du nb d'etat generer linear conflict.png Graphic file (type png)
<use ./images//Taquin 3x3 utilisation CPU en fct du nb d'etat generer linear conflict.png>
Package pdftex.def Info: ./images//Taquin 3x3 utilisation CPU en fct du nb d'etat generer linear conflict.png  used on input line 282.
(pdftex.def)             Requested size: 418.25368pt x 224.63705pt.
 [17 <./images//Taquin 3x3 nombre d'etat explorer en fct du nb de coups reg lineaire Linear conflict.png> <./images//Taquin 3x3 nombre d'etat explorer en fct du nb de detat generer linear conflict.png>]
<./images//Taquin 3x3 nombre d'état explorer en fct du nb detat ds la frontiere linear conflict.png, id=116, 1850.112pt x 993.7125pt>
File: ./images//Taquin 3x3 nombre d'état explorer en fct du nb detat ds la frontiere linear conflict.png Graphic file (type png)
<use ./images//Taquin 3x3 nombre d'état explorer en fct du nb detat ds la frontiere linear conflict.png>
Package pdftex.def Info: ./images//Taquin 3x3 nombre d'état explorer en fct du nb detat ds la frontiere linear conflict.png  used on input line 286.
(pdftex.def)             Requested size: 418.25368pt x 224.63705pt.
 [18 <./images//Taquin 3x3 nombre d'etats generer en fct du nb de coups linear conflict.png> <./images//Taquin 3x3 utilisation CPU en fct du nb d'etat generer linear conflict.png>]
<./images//Taquin 3x3 utilisation RAM en fct du nb d'etat generer conlit lineaire.png, id=122, 1850.112pt x 993.7125pt>
File: ./images//Taquin 3x3 utilisation RAM en fct du nb d'etat generer conlit lineaire.png Graphic file (type png)
<use ./images//Taquin 3x3 utilisation RAM en fct du nb d'etat generer conlit lineaire.png>
Package pdftex.def Info: ./images//Taquin 3x3 utilisation RAM en fct du nb d'etat generer conlit lineaire.png  used on input line 291.
(pdftex.def)             Requested size: 418.25368pt x 224.63705pt.
 [19 <./images//Taquin 3x3 nombre d'état explorer en fct du nb detat ds la frontiere linear conflict.png> <./images//Taquin 3x3 utilisation RAM en fct du nb d'etat generer conlit lineaire.png>] [20] [21] [22]
<./images//Taquin 4x4 pa_db graphe 3d.png, id=138, 1850.112pt x 993.7125pt>
File: ./images//Taquin 4x4 pa_db graphe 3d.png Graphic file (type png)
<use ./images//Taquin 4x4 pa_db graphe 3d.png>
Package pdftex.def Info: ./images//Taquin 4x4 pa_db graphe 3d.png  used on input line 371.
(pdftex.def)             Requested size: 418.25368pt x 224.63705pt.
<./images//Taquin 4x4 pa_db nb de etat dans la frontiere en fonction du nb de coups.png, id=139, 1850.112pt x 993.7125pt>
File: ./images//Taquin 4x4 pa_db nb de etat dans la frontiere en fonction du nb de coups.png Graphic file (type png)
<use ./images//Taquin 4x4 pa_db nb de etat dans la frontiere en fonction du nb de coups.png>
Package pdftex.def Info: ./images//Taquin 4x4 pa_db nb de etat dans la frontiere en fonction du nb de coups.png  used on input line 375.
(pdftex.def)             Requested size: 418.25368pt x 224.63705pt.
 [23]
<./images//Taquin 4x4 pa_db nb de noeud exploere en fonction du nombre de coups.png, id=143, 1850.112pt x 993.7125pt>
File: ./images//Taquin 4x4 pa_db nb de noeud exploere en fonction du nombre de coups.png Graphic file (type png)
<use ./images//Taquin 4x4 pa_db nb de noeud exploere en fonction du nombre de coups.png>
Package pdftex.def Info: ./images//Taquin 4x4 pa_db nb de noeud exploere en fonction du nombre de coups.png  used on input line 379.
(pdftex.def)             Requested size: 418.25368pt x 224.63705pt.
<./images//Taquin 4x4 pa_db nb de noeud explorer en fct du nb detat generer.png, id=144, 1850.112pt x 993.7125pt>
File: ./images//Taquin 4x4 pa_db nb de noeud explorer en fct du nb detat generer.png Graphic file (type png)
<use ./images//Taquin 4x4 pa_db nb de noeud explorer en fct du nb detat generer.png>
Package pdftex.def Info: ./images//Taquin 4x4 pa_db nb de noeud explorer en fct du nb detat generer.png  used on input line 383.
(pdftex.def)             Requested size: 418.25368pt x 224.63705pt.
 [24 <./images//Taquin 4x4 pa_db graphe 3d.png> <./images//Taquin 4x4 pa_db nb de etat dans la frontiere en fonction du nb de coups.png>]
<./images//Taquin 4x4 pa_db nb de noeud explorer en fonction du nombre detat dans la frontiere.png, id=150, 1850.112pt x 993.7125pt>
File: ./images//Taquin 4x4 pa_db nb de noeud explorer en fonction du nombre detat dans la frontiere.png Graphic file (type png)
<use ./images//Taquin 4x4 pa_db nb de noeud explorer en fonction du nombre detat dans la frontiere.png>
Package pdftex.def Info: ./images//Taquin 4x4 pa_db nb de noeud explorer en fonction du nombre detat dans la frontiere.png  used on input line 387.
(pdftex.def)             Requested size: 418.25368pt x 224.63705pt.
<./images//Taquin 4x4 pa_db nb de noeud noeud generer en fonction du nombre dede coups.png, id=151, 1850.112pt x 993.7125pt>
File: ./images//Taquin 4x4 pa_db nb de noeud noeud generer en fonction du nombre dede coups.png Graphic file (type png)
<use ./images//Taquin 4x4 pa_db nb de noeud noeud generer en fonction du nombre dede coups.png>
Package pdftex.def Info: ./images//Taquin 4x4 pa_db nb de noeud noeud generer en fonction du nombre dede coups.png  used on input line 391.
(pdftex.def)             Requested size: 418.25368pt x 224.63705pt.
 [25 <./images//Taquin 4x4 pa_db nb de noeud exploere en fonction du nombre de coups.png> <./images//Taquin 4x4 pa_db nb de noeud explorer en fct du nb detat generer.png>] [26 <./images//Taquin 4x4 pa_db nb de noeud explorer en fonction du nombre detat dans la frontiere.png> <./images//Taquin 4x4 pa_db nb de noeud noeud generer en fonction du nombre dede coups.png>] [27] (rapport.aux) ) 
Here is how much of TeX's memory you used:
 6007 strings out of 475281
 119429 string characters out of 2774065
 461386 words of memory out of 3000000
 27420 multiletter control sequences out of 15000+600000
 479609 words of font info for 50 fonts, out of 8000000 for 9000
 1141 hyphenation exceptions out of 8191
 55i,6n,62p,817b,1146s stack positions out of 10000i,1000n,20000p,200000b,80000s
 <C:\Users\leofl\AppData\Local\MiKTeX\fonts/pk/ljfour/jknappen/ec/dpi600\eccc1200.pk> <C:\Users\leofl\AppData\Local\MiKTeX\fonts/pk/ljfour/jknappen/ec/dpi600\ectt1000.pk> <C:\Users\leofl\AppData\Local\MiKTeX\fonts/pk/ljfour/jknappen/ec/dpi600\ecbx1200.pk> <C:\Users\leofl\AppData\Local\MiKTeX\fonts/pk/ljfour/jknappen/ec/dpi600\ecrm1200.pk> <C:\Users\leofl\AppData\Local\MiKTeX\fonts/pk/ljfour/jknappen/ec/dpi600\ecbx1440.pk> <C:\Users\leofl\AppData\Local\MiKTeX\fonts/pk/ljfour/jknappen/ec/dpi600\ecbx1728.pk> <C:\Users\leofl\AppData\Local\MiKTeX\fonts/pk/ljfour/jknappen/ec/dpi600\ecrm1440.pk> <C:\Users\leofl\AppData\Local\MiKTeX\fonts/pk/ljfour/jknappen/ec/dpi600\ecrm2074.pk><C:/Users/leofl/AppData/Local/Programs/MiKTeX/fonts/type1/public/amsfonts/cm/cmmi12.pfb><C:/Users/leofl/AppData/Local/Programs/MiKTeX/fonts/type1/public/amsfonts/cm/cmmi8.pfb><C:/Users/leofl/AppData/Local/Programs/MiKTeX/fonts/type1/public/amsfonts/cm/cmr12.pfb><C:/Users/leofl/AppData/Local/Programs/MiKTeX/fonts/type1/public/amsfonts/cm/cmr8.pfb><C:/Users/leofl/AppData/Local/Programs/MiKTeX/fonts/type1/public/amsfonts/cm/cmsy10.pfb><C:/Users/leofl/AppData/Local/Programs/MiKTeX/fonts/type1/public/amsfonts/cm/cmsy8.pfb>
Output written on rapport.pdf (27 pages, 2700513 bytes).
PDF statistics:
 496 PDF objects out of 1000 (max. 8388607)
 0 named destinations out of 1000 (max. 500000)
 161 words of extra memory for PDF output out of 10000 (max. 10000000)

